[2025-08-13 12:05:44] INFO - Arrêt de l'application WSUS o2Cloud
[2025-08-13 12:05:44] INFO - Démarrage de l'application WSUS o2Cloud
[2025-08-13 12:05:44] ERROR - Erreur fatale au démarrage
Exception: Impossible de trouver des ressources appropriées pour la culture spécifiée ou la culture neutre. Assurez-vous que "WSUS_o2Cloud.Form1.resources" a été correctement incorporé ou lié dans l'assembly "WSUS_o2Cloud" au moment de la compilation ou que tous les assemblys satellites requis sont chargeables et complètement signés.
Stack Trace:    à System.Resources.ManifestBasedResourceGroveler.HandleResourceStreamMissing(String fileName)
   à System.Resources.ManifestBasedResourceGroveler.GrovelForResourceSet(CultureInfo culture, Dictionary`2 localResourceSets, Boolean tryParents, Boolean createIfNotExists, StackCrawlMark& stackMark)
   à System.Resources.ResourceManager.InternalGetResourceSet(CultureInfo requestedCulture, Boolean createIfNotExists, Boolean tryParents, StackCrawlMark& stackMark)
   à System.Resources.ResourceManager.InternalGetResourceSet(CultureInfo culture, Boolean createIfNotExists, Boolean tryParents)
   à System.Resources.ResourceManager.GetObject(String name, CultureInfo culture, Boolean wrapUnmanagedMemStream)
   à System.Resources.ResourceManager.GetObject(String name)
   à WSUS_o2Cloud.Form1.InitializeComponent() dans C:\Users\MyAlien\source\repos\WSUS_o2Cloud\WSUS_o2Cloud\Form1.Designer.cs:ligne 166
   à WSUS_o2Cloud.Form1..ctor() dans C:\Users\MyAlien\source\repos\WSUS_o2Cloud\WSUS_o2Cloud\Form1.cs:ligne 28
   à WSUS_o2Cloud.Program.Main(String[] args) dans C:\Users\MyAlien\source\repos\WSUS_o2Cloud\WSUS_o2Cloud\Program.cs:ligne 62

[2025-08-13 12:05:54] INFO - Arrêt de l'application WSUS o2Cloud
[2025-08-13 12:06:07] INFO - Arrêt de l'application WSUS o2Cloud
[2025-08-13 12:06:07] INFO - Démarrage de l'application WSUS o2Cloud
[2025-08-13 12:06:07] ERROR - Erreur fatale au démarrage
Exception: Impossible de trouver des ressources appropriées pour la culture spécifiée ou la culture neutre. Assurez-vous que "WSUS_o2Cloud.Form1.resources" a été correctement incorporé ou lié dans l'assembly "WSUS_o2Cloud" au moment de la compilation ou que tous les assemblys satellites requis sont chargeables et complètement signés.
Stack Trace:    à System.Resources.ManifestBasedResourceGroveler.HandleResourceStreamMissing(String fileName)
   à System.Resources.ManifestBasedResourceGroveler.GrovelForResourceSet(CultureInfo culture, Dictionary`2 localResourceSets, Boolean tryParents, Boolean createIfNotExists, StackCrawlMark& stackMark)
   à System.Resources.ResourceManager.InternalGetResourceSet(CultureInfo requestedCulture, Boolean createIfNotExists, Boolean tryParents, StackCrawlMark& stackMark)
   à System.Resources.ResourceManager.InternalGetResourceSet(CultureInfo culture, Boolean createIfNotExists, Boolean tryParents)
   à System.Resources.ResourceManager.GetObject(String name, CultureInfo culture, Boolean wrapUnmanagedMemStream)
   à System.Resources.ResourceManager.GetObject(String name)
   à WSUS_o2Cloud.Form1.InitializeComponent() dans C:\Users\MyAlien\source\repos\WSUS_o2Cloud\WSUS_o2Cloud\Form1.Designer.cs:ligne 166
   à WSUS_o2Cloud.Form1..ctor() dans C:\Users\MyAlien\source\repos\WSUS_o2Cloud\WSUS_o2Cloud\Form1.cs:ligne 28
   à WSUS_o2Cloud.Program.Main(String[] args) dans C:\Users\MyAlien\source\repos\WSUS_o2Cloud\WSUS_o2Cloud\Program.cs:ligne 62

[2025-08-13 12:06:19] INFO - Arrêt de l'application WSUS o2Cloud
